<?xml version="1.0" encoding="UTF-8"?>
<!-- Generated by org.testng.reporters.JUnitXMLReporter -->
<testsuite hostname="PMUFTWIN101" ignored="0" name="BDD Test" tests="1" failures="1" timestamp="18 Dec 2018 10:58:10 GMT" time="0.668" errors="0">
  <testcase name="login" time="0.615" classname="org.cucumber.testRunners.TestRunnerWithTestNG">
    <failure type="cucumber.runtime.CucumberException" message="java.lang.NullPointerException">
      <![CDATA[cucumber.runtime.CucumberException: java.lang.NullPointerException
at cucumber.api.testng.TestNGCucumberRunner.runCucumber(TestNGCucumberRunner.java:69)
at org.cucumber.testRunners.TestRunnerWithTestNG.login(TestRunnerWithTestNG.java:82)
Caused by: java.lang.NullPointerException
at org.cucumber.stepDefinations.LoginPage.open_Application_and_Enter_url(LoginPage.java:66)
at ✽.Given Open Application and Enter url(src/test/resources/Features/Login.feature:8)
... Removed 25 stack frames]]>
    </failure>
  </testcase> <!-- login -->
</testsuite> <!-- BDD Test -->
