<?xml version="1.0" encoding="UTF-8"?>
<!-- Generated by org.testng.reporters.JUnitXMLReporter -->
<testsuite hostname="PMUFTWIN101" ignored="0" name="Login and Logout Test" tests="1" failures="0" timestamp="24 Oct 2018 13:09:22 GMT" time="0.128" errors="0">
  <testcase name="@BeforeClass setUpClass" time="0.04" classname="testRunners.TestRunner">
    <failure type="java.lang.NoClassDefFoundError" message="cucumber/runner/TimeServiceEventBus">
      <![CDATA[java.lang.NoClassDefFoundError: cucumber/runner/TimeServiceEventBus
at testRunners.TestRunner.setUpClass(TestRunner.java:20)
Caused by: java.lang.ClassNotFoundException: cucumber.runner.TimeServiceEventBus
at java.net.URLClassLoader.findClass(Unknown Source)
at java.lang.ClassLoader.loadClass(Unknown Source)
at sun.misc.Launcher$AppClassLoader.loadClass(Unknown Source)
at java.lang.ClassLoader.loadClass(Unknown Source)
... 27 more
... Removed 26 stack frames]]>
    </failure>
  </testcase> <!-- @BeforeClass setUpClass -->
  <testcase name="@AfterClass tearDownClass" time="0.0" classname="testRunners.TestRunner">
    <failure type="java.lang.NullPointerException">
      <![CDATA[java.lang.NullPointerException
at testRunners.TestRunner.tearDownClass(TestRunner.java:35)
... Removed 26 stack frames]]>
    </failure>
  </testcase> <!-- @AfterClass tearDownClass -->
  <testcase name="feature" time="0.0" classname="testRunners.TestRunner">
    <skipped/>
  </testcase> <!-- feature -->
</testsuite> <!-- Login and Logout Test -->
