<?xml version="1.0" encoding="UTF-8"?>
<testng-results skipped="0" failed="1" ignored="0" total="1" passed="0">
  <reporter-output>
  </reporter-output>
  <suite name="BDD Test Suite" duration-ms="668" started-at="2018-12-18T10:58:09Z" finished-at="2018-12-18T10:58:09Z">
    <groups>
    </groups>
    <test name="BDD Test" duration-ms="668" started-at="2018-12-18T10:58:09Z" finished-at="2018-12-18T10:58:09Z">
      <class name="org.cucumber.testRunners.TestRunnerWithTestNG">
        <test-method status="PASS" signature="setUP()[pri:0, instance:org.cucumber.testRunners.TestRunnerWithTestNG@4e1d422d]" name="setUP" is-config="true" duration-ms="7862" started-at="2018-12-18T10:58:01Z" finished-at="2018-12-18T10:58:09Z">
          <reporter-output>
          </reporter-output>
        </test-method> <!-- setUP -->
        <test-method status="FAIL" signature="login(cucumber.api.testng.CucumberFeatureWrapper)[pri:0, instance:org.cucumber.testRunners.TestRunnerWithTestNG@4e1d422d]" name="login" duration-ms="615" started-at="2018-12-18T10:58:09Z" data-provider="features" finished-at="2018-12-18T10:58:09Z">
          <params>
            <param index="0">
              <value>
                <![CDATA[Login Feature]]>
              </value>
            </param>
          </params>
          <exception class="cucumber.runtime.CucumberException">
            <message>
              <![CDATA[java.lang.NullPointerException]]>
            </message>
            <full-stacktrace>
              <![CDATA[cucumber.runtime.CucumberException: java.lang.NullPointerException
at cucumber.api.testng.TestNGCucumberRunner.runCucumber(TestNGCucumberRunner.java:69)
at org.cucumber.testRunners.TestRunnerWithTestNG.login(TestRunnerWithTestNG.java:82)
at sun.reflect.NativeMethodAccessorImpl.invoke0(Native Method)
at sun.reflect.NativeMethodAccessorImpl.invoke(NativeMethodAccessorImpl.java:62)
at sun.reflect.DelegatingMethodAccessorImpl.invoke(DelegatingMethodAccessorImpl.java:43)
at java.lang.reflect.Method.invoke(Method.java:498)
at org.testng.internal.MethodInvocationHelper.invokeMethod(MethodInvocationHelper.java:124)
at org.testng.internal.Invoker.invokeMethod(Invoker.java:580)
at org.testng.internal.Invoker.invokeTestMethod(Invoker.java:716)
at org.testng.internal.Invoker.invokeTestMethods(Invoker.java:988)
at org.testng.internal.TestMethodWorker.invokeTestMethods(TestMethodWorker.java:125)
at org.testng.internal.TestMethodWorker.run(TestMethodWorker.java:109)
at org.testng.TestRunner.privateRun(TestRunner.java:648)
at org.testng.TestRunner.run(TestRunner.java:505)
at org.testng.SuiteRunner.runTest(SuiteRunner.java:455)
at org.testng.SuiteRunner.runSequentially(SuiteRunner.java:450)
at org.testng.SuiteRunner.privateRun(SuiteRunner.java:415)
at org.testng.SuiteRunner.run(SuiteRunner.java:364)
at org.testng.SuiteRunnerWorker.runSuite(SuiteRunnerWorker.java:52)
at org.testng.SuiteRunnerWorker.run(SuiteRunnerWorker.java:84)
at org.testng.TestNG.runSuitesSequentially(TestNG.java:1208)
at org.testng.TestNG.runSuitesLocally(TestNG.java:1137)
at org.testng.TestNG.runSuites(TestNG.java:1049)
at org.testng.TestNG.run(TestNG.java:1017)
at org.testng.remote.AbstractRemoteTestNG.run(AbstractRemoteTestNG.java:114)
at org.testng.remote.RemoteTestNG.initAndRun(RemoteTestNG.java:251)
at org.testng.remote.RemoteTestNG.main(RemoteTestNG.java:77)
Caused by: java.lang.NullPointerException
at org.cucumber.stepDefinations.LoginPage.open_Application_and_Enter_url(LoginPage.java:66)
at ✽.Given Open Application and Enter url(src/test/resources/Features/Login.feature:8)
]]>
            </full-stacktrace>
          </exception> <!-- cucumber.runtime.CucumberException -->
          <reporter-output>
          </reporter-output>
        </test-method> <!-- login -->
        <test-method status="PASS" signature="tearDown()[pri:0, instance:org.cucumber.testRunners.TestRunnerWithTestNG@4e1d422d]" name="tearDown" is-config="true" duration-ms="692" started-at="2018-12-18T10:58:10Z" finished-at="2018-12-18T10:58:10Z">
          <reporter-output>
          </reporter-output>
        </test-method> <!-- tearDown -->
      </class> <!-- org.cucumber.testRunners.TestRunnerWithTestNG -->
    </test> <!-- BDD Test -->
  </suite> <!-- BDD Test Suite -->
</testng-results>
